-------------------------------------------------------------------------------
Test set: br.com.gestao_residuos_automacao.GestaoResiduosAutomacaoApplicationTests
-------------------------------------------------------------------------------
Tests run: 4, Failures: 0, Errors: 4, Skipped: 0, Time elapsed: 3.908 s <<< FAILURE! - in br.com.gestao_residuos_automacao.GestaoResiduosAutomacaoApplicationTests
testDeleteAgendamentoDeColeta  Time elapsed: 0.007 s  <<< ERROR!
java.lang.IllegalStateException: Failed to load ApplicationContext
Caused by: org.springframework.beans.factory.UnsatisfiedDependencyException: Error creating bean with name 'agendamentoColetaController' defined in file [C:\Users\gabri\Documents\aplicativos\gestao-residuos-automacao\target\classes\br\com\gestao_residuos_automacao\controller\AgendamentoColetaController.class]: Unsatisfied dependency expressed through constructor parameter 0; nested exception is org.springframework.beans.factory.NoSuchBeanDefinitionException: No qualifying bean of type 'br.com.gestao_residuos_automacao.service.AgendamentoColetaService' available: expected at least 1 bean which qualifies as autowire candidate. Dependency annotations: {}
Caused by: org.springframework.beans.factory.NoSuchBeanDefinitionException: No qualifying bean of type 'br.com.gestao_residuos_automacao.service.AgendamentoColetaService' available: expected at least 1 bean which qualifies as autowire candidate. Dependency annotations: {}

testPostAgendamentoDeColeta  Time elapsed: 0 s  <<< ERROR!
java.lang.IllegalStateException: Failed to load ApplicationContext
Caused by: org.springframework.beans.factory.UnsatisfiedDependencyException: Error creating bean with name 'agendamentoColetaController' defined in file [C:\Users\gabri\Documents\aplicativos\gestao-residuos-automacao\target\classes\br\com\gestao_residuos_automacao\controller\AgendamentoColetaController.class]: Unsatisfied dependency expressed through constructor parameter 0; nested exception is org.springframework.beans.factory.NoSuchBeanDefinitionException: No qualifying bean of type 'br.com.gestao_residuos_automacao.service.AgendamentoColetaService' available: expected at least 1 bean which qualifies as autowire candidate. Dependency annotations: {}
Caused by: org.springframework.beans.factory.NoSuchBeanDefinitionException: No qualifying bean of type 'br.com.gestao_residuos_automacao.service.AgendamentoColetaService' available: expected at least 1 bean which qualifies as autowire candidate. Dependency annotations: {}

testPutAgendamentoDeColeta  Time elapsed: 0 s  <<< ERROR!
java.lang.IllegalStateException: Failed to load ApplicationContext
Caused by: org.springframework.beans.factory.UnsatisfiedDependencyException: Error creating bean with name 'agendamentoColetaController' defined in file [C:\Users\gabri\Documents\aplicativos\gestao-residuos-automacao\target\classes\br\com\gestao_residuos_automacao\controller\AgendamentoColetaController.class]: Unsatisfied dependency expressed through constructor parameter 0; nested exception is org.springframework.beans.factory.NoSuchBeanDefinitionException: No qualifying bean of type 'br.com.gestao_residuos_automacao.service.AgendamentoColetaService' available: expected at least 1 bean which qualifies as autowire candidate. Dependency annotations: {}
Caused by: org.springframework.beans.factory.NoSuchBeanDefinitionException: No qualifying bean of type 'br.com.gestao_residuos_automacao.service.AgendamentoColetaService' available: expected at least 1 bean which qualifies as autowire candidate. Dependency annotations: {}

testGetAgendamentoDeColeta  Time elapsed: 0 s  <<< ERROR!
java.lang.IllegalStateException: Failed to load ApplicationContext
Caused by: org.springframework.beans.factory.UnsatisfiedDependencyException: Error creating bean with name 'agendamentoColetaController' defined in file [C:\Users\gabri\Documents\aplicativos\gestao-residuos-automacao\target\classes\br\com\gestao_residuos_automacao\controller\AgendamentoColetaController.class]: Unsatisfied dependency expressed through constructor parameter 0; nested exception is org.springframework.beans.factory.NoSuchBeanDefinitionException: No qualifying bean of type 'br.com.gestao_residuos_automacao.service.AgendamentoColetaService' available: expected at least 1 bean which qualifies as autowire candidate. Dependency annotations: {}
Caused by: org.springframework.beans.factory.NoSuchBeanDefinitionException: No qualifying bean of type 'br.com.gestao_residuos_automacao.service.AgendamentoColetaService' available: expected at least 1 bean which qualifies as autowire candidate. Dependency annotations: {}

